<?xml version="1.0" encoding="UTF-8"?>
<!-- Generated by org.testng.reporters.JUnitReportReporter -->
<testsuite hostname="XPS13" failures="0" tests="4" name="com.cra.qa.testcases.HomePageTest" time="53.676" errors="0" timestamp="2020-06-09T13:33:16 EDT" skipped="0">
  <testcase classname="com.cra.qa.testcases.HomePageTest" name="homepageTitleTest" time="13.223"/>
  <system-out/>
  <testcase classname="com.cra.qa.testcases.HomePageTest" name="verifyContactUsLink" time="15.421"/>
  <system-out/>
  <testcase classname="com.cra.qa.testcases.HomePageTest" name="verifyAboutUsLink" time="13.535"/>
  <system-out/>
  <testcase classname="com.cra.qa.testcases.HomePageTest" name="logoTest" time="11.497"/>
  <system-out/>
</testsuite> <!-- com.cra.qa.testcases.HomePageTest -->
