<?xml version="1.0" encoding="UTF-8"?>
<!-- Generated by org.testng.reporters.JUnitReportReporter -->
<testsuite hostname="XPS13" failures="0" tests="18" name="com.cra.qa.testcases.HomePageTest" time="177.497" errors="0" timestamp="2020-06-20T18:19:15 EDT" skipped="0">
  <testcase classname="com.cra.qa.testcases.HomePageTest" name="homepageTitleTest" time="9.048"/>
  <system-out/>
  <testcase classname="com.cra.qa.testcases.HomePageTest" name="verifyHomePageLink" time="9.158"/>
  <system-out/>
  <testcase classname="com.cra.qa.testcases.HomePageTest" name="verifyContactUsLink" time="9.379"/>
  <system-out/>
  <testcase classname="com.cra.qa.testcases.HomePageTest" name="verifyAboutUsLink" time="8.804"/>
  <system-out/>
  <testcase classname="com.cra.qa.testcases.HomePageTest" name="verifyCoursesLink" time="9.959"/>
  <system-out/>
  <testcase classname="com.cra.qa.testcases.HomePageTest" name="verifyServicesLink" time="15.523"/>
  <system-out/>
  <testcase classname="com.cra.qa.testcases.HomePageTest" name="verifyCareersLink" time="9.072"/>
  <system-out/>
  <testcase classname="com.cra.qa.testcases.HomePageTest" name="verifyEnquireNowLink" time="9.634"/>
  <system-out/>
  <testcase classname="com.cra.qa.testcases.HomePageTest" name="verifyServices2Link" time="10.805"/>
  <system-out/>
  <testcase classname="com.cra.qa.testcases.HomePageTest" name="verifyTrainingLink" time="9.340"/>
  <system-out/>
  <testcase classname="com.cra.qa.testcases.HomePageTest" name="verifyCareer2Link" time="9.761"/>
  <system-out/>
  <testcase classname="com.cra.qa.testcases.HomePageTest" name="verifyEventsLink" time="9.513"/>
  <system-out/>
  <testcase classname="com.cra.qa.testcases.HomePageTest" name="verifyMoreAboutUsLink" time="9.057"/>
  <system-out/>
  <testcase classname="com.cra.qa.testcases.HomePageTest" name="verifyContactUs2Link" time="9.281"/>
  <system-out/>
  <testcase classname="com.cra.qa.testcases.HomePageTest" name="verifyWebDevelopmentLink" time="10.071"/>
  <system-out/>
  <testcase classname="com.cra.qa.testcases.HomePageTest" name="verifySoftwareTestingLink" time="9.405"/>
  <system-out/>
  <testcase classname="com.cra.qa.testcases.HomePageTest" name="verifyConsultancyPageLink" time="9.971"/>
  <system-out/>
  <testcase classname="com.cra.qa.testcases.HomePageTest" name="verifyTraining2Link" time="9.716"/>
  <system-out/>
</testsuite> <!-- com.cra.qa.testcases.HomePageTest -->
