<?xml version="1.0" encoding="UTF-8"?>
<!-- Generated by org.testng.reporters.JUnitReportReporter -->
<testsuite hostname="XPS13" failures="0" tests="2" name="com.cra.qa.testcases.ContactUsPageTest" time="16.782" errors="0" timestamp="2020-06-10T14:12:32 EDT" skipped="1">
  <testcase classname="com.cra.qa.testcases.ContactUsPageTest" name="contactUsTitleTest" time="16.782"/>
  <system-out/>
  <testcase classname="com.cra.qa.testcases.ContactUsPageTest" name="fillFormTest" time="0.000">
    <skipped/>
  </testcase> <!-- fillFormTest -->
  <system-out/>
</testsuite> <!-- com.cra.qa.testcases.ContactUsPageTest -->
