<?xml version="1.0" encoding="UTF-8"?>
<!-- Generated by org.testng.reporters.JUnitReportReporter -->
<testsuite hostname="XPS13" failures="0" tests="18" name="com.cra.qa.testcases.HomePageTest" time="412.551" errors="0" timestamp="2020-07-03T22:54:12 EDT" skipped="0">
  <testcase classname="com.cra.qa.testcases.HomePageTest" name="homepageTitleTest" time="20.403"/>
  <system-out/>
  <testcase classname="com.cra.qa.testcases.HomePageTest" name="verifyHomePageLink" time="21.860"/>
  <system-out/>
  <testcase classname="com.cra.qa.testcases.HomePageTest" name="verifyContactUsLink" time="24.011"/>
  <system-out/>
  <testcase classname="com.cra.qa.testcases.HomePageTest" name="verifyAboutUsLink" time="22.224"/>
  <system-out/>
  <testcase classname="com.cra.qa.testcases.HomePageTest" name="verifyCoursesLink" time="21.241"/>
  <system-out/>
  <testcase classname="com.cra.qa.testcases.HomePageTest" name="verifyServicesLink" time="22.723"/>
  <system-out/>
  <testcase classname="com.cra.qa.testcases.HomePageTest" name="verifyCareersLink" time="24.064"/>
  <system-out/>
  <testcase classname="com.cra.qa.testcases.HomePageTest" name="verifyEnquireNowLink" time="22.920"/>
  <system-out/>
  <testcase classname="com.cra.qa.testcases.HomePageTest" name="verifyServices2Link" time="23.061"/>
  <system-out/>
  <testcase classname="com.cra.qa.testcases.HomePageTest" name="verifyTrainingLink" time="23.245"/>
  <system-out/>
  <testcase classname="com.cra.qa.testcases.HomePageTest" name="verifyCareer2Link" time="23.782"/>
  <system-out/>
  <testcase classname="com.cra.qa.testcases.HomePageTest" name="verifyEventsLink" time="22.889"/>
  <system-out/>
  <testcase classname="com.cra.qa.testcases.HomePageTest" name="verifyMoreAboutUsLink" time="24.573"/>
  <system-out/>
  <testcase classname="com.cra.qa.testcases.HomePageTest" name="verifyContactUs2Link" time="21.258"/>
  <system-out/>
  <testcase classname="com.cra.qa.testcases.HomePageTest" name="verifyWebDevelopmentLink" time="23.197"/>
  <system-out/>
  <testcase classname="com.cra.qa.testcases.HomePageTest" name="verifySoftwareTestingLink" time="25.261"/>
  <system-out/>
  <testcase classname="com.cra.qa.testcases.HomePageTest" name="verifyConsultancyPageLink" time="21.016"/>
  <system-out/>
  <testcase classname="com.cra.qa.testcases.HomePageTest" name="verifyTraining2Link" time="24.823"/>
  <system-out/>
</testsuite> <!-- com.cra.qa.testcases.HomePageTest -->
